Build started 2017/3/13 14:53:27.
     1>Project "E:\2017\mp4v2\mp4flie\mp4flie.vcxproj" on node 2 (build target(s)).
     1>InitializeBuildStatus:
         Creating "Debug\mp4flie.unsuccessfulbuild" because "AlwaysCreate" was specified.
       ClCompile:
         C:\Program Files (x86)\Microsoft Visual Studio 10.0\VC\bin\CL.exe /c /IE:\2017\mp4v2\inc /ZI /nologo /W3 /WX- /Od /Oy- /D _MBCS /Gm /EHsc /RTC1 /MDd /GS /fp:precise /Zc:wchar_t /Zc:forScope /Fo"Debug\\" /Fd"Debug\vc100.pdb" /Gd /TP /analyze- /errorReport:prompt main.cpp MP4Encoder.cpp
         MP4Encoder.cpp
         main.cpp
     1>e:\2017\mp4v2\mp4flie\main.cpp(197): warning C4010: single-line comment contains line-continuation character
     1>e:\2017\mp4v2\mp4flie\main.cpp(199): warning C4010: single-line comment contains line-continuation character
         Generating Code...
       Link:
         C:\Program Files (x86)\Microsoft Visual Studio 10.0\VC\bin\link.exe /ERRORREPORT:PROMPT /OUT:"E:\2017\mp4v2\bin\mp4flie.exe" /NOLOGO opencv_ml249d.lib opencv_calib3d249d.lib opencv_contrib249d.lib opencv_core249d.lib opencv_features2d249d.lib opencv_flann249d.lib opencv_gpu249d.lib opencv_highgui249d.lib opencv_imgproc249d.lib opencv_legacy249d.lib opencv_objdetect249d.lib opencv_ts249d.lib opencv_video249d.lib opencv_nonfree249d.lib opencv_ocl249d.lib opencv_photo249d.lib opencv_stitching249d.lib opencv_superres249d.lib opencv_videostab249d.lib opencv_objdetect249.lib opencv_ts249.lib opencv_video249.lib opencv_nonfree249.lib opencv_ocl249.lib opencv_photo249.lib opencv_stitching249.lib opencv_superres249.lib opencv_videostab249.lib opencv_calib3d249.lib opencv_contrib249.lib opencv_core249.lib opencv_features2d249.lib opencv_flann249.lib opencv_gpu249.lib opencv_highgui249.lib opencv_imgproc249.lib opencv_legacy249.lib opencv_ml249.lib kernel32.lib user32.lib gdi32.lib winspool.lib comdlg32.lib advapi32.lib shell32.lib ole32.lib oleaut32.lib uuid.lib odbc32.lib odbccp32.lib /MANIFEST /ManifestFile:"Debug\mp4flie.exe.intermediate.manifest" /MANIFESTUAC:"level='asInvoker' uiAccess='false'" /DEBUG /PDB:"E:\2017\mp4v2\bin\mp4flie.pdb" /TLBID:1 /DYNAMICBASE /NXCOMPAT /IMPLIB:"E:\2017\mp4v2\bin\mp4flie.lib" /MACHINE:X86 Debug\main.obj
         Debug\MP4Encoder.obj
         mp4flie.vcxproj -> E:\2017\mp4v2\bin\mp4flie.exe
       Manifest:
         C:\Program Files (x86)\Microsoft SDKs\Windows\v7.0A\bin\mt.exe /nologo /verbose /outputresource:"E:\2017\mp4v2\bin\mp4flie.exe;#1" /manifest Debug\mp4flie.exe.intermediate.manifest
       FinalizeBuildStatus:
         Deleting file "Debug\mp4flie.unsuccessfulbuild".
         Touching "Debug\mp4flie.lastbuildstate".
     1>Done Building Project "E:\2017\mp4v2\mp4flie\mp4flie.vcxproj" (build target(s)).

Build succeeded.

Time Elapsed 00:00:05.94
